2024/09/30 03:45:05 [notice] 1#1: using the "epoll" event method
2024/09/30 03:45:05 [notice] 1#1: nginx/1.27.1
2024/09/30 03:45:05 [notice] 1#1: built by gcc 12.2.0 (Debian 12.2.0-14) 
2024/09/30 03:45:05 [notice] 1#1: OS: Linux 5.15.153.1-microsoft-standard-WSL2
2024/09/30 03:45:05 [notice] 1#1: getrlimit(RLIMIT_NOFILE): 1048576:1048576
2024/09/30 03:45:05 [notice] 1#1: start worker processes
2024/09/30 03:45:05 [notice] 1#1: start worker process 22
2024/09/30 03:45:05 [notice] 1#1: start worker process 23
2024/09/30 03:45:05 [notice] 1#1: start worker process 24
2024/09/30 03:45:05 [notice] 1#1: start worker process 25
2024/09/30 03:45:05 [notice] 1#1: start worker process 26
2024/09/30 03:45:05 [notice] 1#1: start worker process 27
2024/09/30 03:45:05 [notice] 1#1: start worker process 28
2024/09/30 03:45:05 [notice] 1#1: start worker process 29
2024/09/30 04:13:51 [notice] 1#1: signal 2 (SIGINT) received, exiting
2024/09/30 04:13:51 [notice] 22#22: exiting
2024/09/30 04:13:51 [notice] 26#26: exiting
2024/09/30 04:13:51 [notice] 23#23: exiting
2024/09/30 04:13:51 [notice] 24#24: exiting
2024/09/30 04:13:51 [notice] 25#25: exiting
2024/09/30 04:13:51 [notice] 27#27: exiting
2024/09/30 04:13:51 [notice] 25#25: exit
2024/09/30 04:13:51 [notice] 28#28: exiting
2024/09/30 04:13:51 [notice] 29#29: exiting
2024/09/30 04:13:51 [notice] 22#22: exit
2024/09/30 04:13:51 [notice] 26#26: exit
2024/09/30 04:13:51 [notice] 23#23: exit
2024/09/30 04:13:51 [notice] 24#24: exit
2024/09/30 04:13:51 [notice] 27#27: exit
2024/09/30 04:13:51 [notice] 28#28: exit
2024/09/30 04:13:51 [notice] 29#29: exit
2024/09/30 04:13:51 [notice] 1#1: signal 14 (SIGALRM) received
2024/09/30 04:13:51 [notice] 1#1: signal 17 (SIGCHLD) received from 29
2024/09/30 04:13:51 [notice] 1#1: worker process 29 exited with code 0
2024/09/30 04:13:51 [notice] 1#1: signal 29 (SIGIO) received
2024/09/30 04:13:51 [notice] 1#1: signal 17 (SIGCHLD) received from 26
2024/09/30 04:13:51 [notice] 1#1: worker process 26 exited with code 0
2024/09/30 04:13:51 [notice] 1#1: signal 29 (SIGIO) received
2024/09/30 04:13:51 [notice] 1#1: signal 17 (SIGCHLD) received from 28
2024/09/30 04:13:51 [notice] 1#1: worker process 23 exited with code 0
2024/09/30 04:13:51 [notice] 1#1: worker process 28 exited with code 0
2024/09/30 04:13:51 [notice] 1#1: signal 29 (SIGIO) received
2024/09/30 04:13:51 [notice] 1#1: signal 17 (SIGCHLD) received from 23
2024/09/30 04:13:51 [notice] 1#1: signal 17 (SIGCHLD) received from 24
2024/09/30 04:13:51 [notice] 1#1: worker process 24 exited with code 0
2024/09/30 04:13:51 [notice] 1#1: worker process 27 exited with code 0
2024/09/30 04:13:51 [notice] 1#1: signal 29 (SIGIO) received
2024/09/30 04:13:51 [notice] 1#1: signal 17 (SIGCHLD) received from 25
2024/09/30 04:13:51 [notice] 1#1: worker process 22 exited with code 0
2024/09/30 04:13:51 [notice] 1#1: worker process 25 exited with code 0
2024/09/30 04:13:51 [notice] 1#1: exit
2024/09/30 04:13:52 [notice] 1#1: using the "epoll" event method
2024/09/30 04:13:52 [notice] 1#1: nginx/1.27.1
2024/09/30 04:13:52 [notice] 1#1: built by gcc 12.2.0 (Debian 12.2.0-14) 
2024/09/30 04:13:52 [notice] 1#1: OS: Linux 5.15.153.1-microsoft-standard-WSL2
2024/09/30 04:13:52 [notice] 1#1: getrlimit(RLIMIT_NOFILE): 1048576:1048576
2024/09/30 04:13:52 [notice] 1#1: start worker processes
2024/09/30 04:13:52 [notice] 1#1: start worker process 22
2024/09/30 04:13:52 [notice] 1#1: start worker process 23
2024/09/30 04:13:52 [notice] 1#1: start worker process 24
2024/09/30 04:13:52 [notice] 1#1: start worker process 25
2024/09/30 04:13:52 [notice] 1#1: start worker process 26
2024/09/30 04:13:52 [notice] 1#1: start worker process 27
2024/09/30 04:13:52 [notice] 1#1: start worker process 28
2024/09/30 04:13:52 [notice] 1#1: start worker process 29
2024/09/30 09:07:25 [error] 25#25: *1 "/usr/share/nginx/html/api/index.html" is not found (2: No such file or directory), client: 172.17.0.1, server: localhost, request: "GET /api/?token=success HTTP/1.1", host: "localhost"
2024/09/30 09:56:59 [notice] 1#1: signal 3 (SIGQUIT) received, shutting down
2024/09/30 09:56:59 [notice] 22#22: gracefully shutting down
2024/09/30 09:56:59 [notice] 25#25: gracefully shutting down
2024/09/30 09:56:59 [notice] 29#29: gracefully shutting down
2024/09/30 09:56:59 [notice] 24#24: gracefully shutting down
2024/09/30 09:56:59 [notice] 28#28: gracefully shutting down
2024/09/30 09:56:59 [notice] 23#23: gracefully shutting down
2024/09/30 09:56:59 [notice] 27#27: gracefully shutting down
2024/09/30 09:56:59 [notice] 26#26: gracefully shutting down
2024/09/30 09:56:59 [notice] 24#24: exiting
2024/09/30 09:56:59 [notice] 25#25: exiting
2024/09/30 09:56:59 [notice] 29#29: exiting
2024/09/30 09:56:59 [notice] 22#22: exiting
2024/09/30 09:56:59 [notice] 28#28: exiting
2024/09/30 09:56:59 [notice] 27#27: exiting
2024/09/30 09:56:59 [notice] 23#23: exiting
2024/09/30 09:56:59 [notice] 26#26: exiting
2024/09/30 09:56:59 [notice] 22#22: exit
2024/09/30 09:56:59 [notice] 23#23: exit
2024/09/30 09:56:59 [notice] 25#25: exit
2024/09/30 09:56:59 [notice] 24#24: exit
2024/09/30 09:56:59 [notice] 29#29: exit
2024/09/30 09:56:59 [notice] 27#27: exit
2024/09/30 09:56:59 [notice] 28#28: exit
2024/09/30 09:56:59 [notice] 26#26: exit
2024/09/30 09:56:59 [notice] 1#1: signal 17 (SIGCHLD) received from 27
2024/09/30 09:56:59 [notice] 1#1: worker process 27 exited with code 0
2024/09/30 09:56:59 [notice] 1#1: signal 29 (SIGIO) received
2024/09/30 09:56:59 [notice] 1#1: signal 17 (SIGCHLD) received from 29
2024/09/30 09:56:59 [notice] 1#1: worker process 29 exited with code 0
2024/09/30 09:56:59 [notice] 1#1: signal 29 (SIGIO) received
2024/09/30 09:56:59 [notice] 1#1: signal 17 (SIGCHLD) received from 24
2024/09/30 09:56:59 [notice] 1#1: worker process 24 exited with code 0
2024/09/30 09:56:59 [notice] 1#1: signal 29 (SIGIO) received
2024/09/30 09:56:59 [notice] 1#1: signal 17 (SIGCHLD) received from 28
2024/09/30 09:56:59 [notice] 1#1: worker process 23 exited with code 0
2024/09/30 09:56:59 [notice] 1#1: worker process 28 exited with code 0
2024/09/30 09:56:59 [notice] 1#1: signal 29 (SIGIO) received
2024/09/30 09:56:59 [notice] 1#1: signal 17 (SIGCHLD) received from 23
2024/09/30 09:56:59 [notice] 1#1: signal 17 (SIGCHLD) received from 26
2024/09/30 09:56:59 [notice] 1#1: worker process 26 exited with code 0
2024/09/30 09:56:59 [notice] 1#1: signal 29 (SIGIO) received
2024/09/30 09:56:59 [notice] 1#1: signal 17 (SIGCHLD) received from 25
2024/09/30 09:56:59 [notice] 1#1: worker process 25 exited with code 0
2024/09/30 09:56:59 [notice] 1#1: signal 29 (SIGIO) received
2024/09/30 09:57:00 [notice] 1#1: signal 17 (SIGCHLD) received from 22
2024/09/30 09:57:00 [notice] 1#1: worker process 22 exited with code 0
2024/09/30 09:57:00 [notice] 1#1: exit
2024/09/30 09:57:02 [emerg] 1#1: invalid URL prefix in /etc/nginx/conf.d/default.conf:15
2024/09/30 09:57:04 [emerg] 1#1: invalid URL prefix in /etc/nginx/conf.d/default.conf:15
2024/09/30 09:57:05 [emerg] 1#1: invalid URL prefix in /etc/nginx/conf.d/default.conf:15
2024/09/30 09:57:06 [emerg] 1#1: invalid URL prefix in /etc/nginx/conf.d/default.conf:15
2024/09/30 09:57:08 [emerg] 1#1: invalid URL prefix in /etc/nginx/conf.d/default.conf:15
2024/09/30 09:57:10 [emerg] 1#1: invalid URL prefix in /etc/nginx/conf.d/default.conf:15
2024/09/30 09:57:14 [emerg] 1#1: invalid URL prefix in /etc/nginx/conf.d/default.conf:15
2024/09/30 09:57:21 [emerg] 1#1: invalid URL prefix in /etc/nginx/conf.d/default.conf:15
2024/09/30 09:57:34 [emerg] 1#1: invalid URL prefix in /etc/nginx/conf.d/default.conf:15
2024/09/30 09:58:01 [emerg] 1#1: invalid URL prefix in /etc/nginx/conf.d/default.conf:15
2024/09/30 09:58:52 [emerg] 1#1: invalid URL prefix in /etc/nginx/conf.d/default.conf:15
2024/09/30 09:59:04 [emerg] 1#1: invalid URL prefix in /etc/nginx/conf.d/default.conf:15
2024/09/30 09:59:05 [emerg] 1#1: invalid URL prefix in /etc/nginx/conf.d/default.conf:15
2024/09/30 09:59:06 [emerg] 1#1: invalid URL prefix in /etc/nginx/conf.d/default.conf:15
2024/09/30 09:59:08 [emerg] 1#1: invalid URL prefix in /etc/nginx/conf.d/default.conf:15
2024/09/30 09:59:09 [emerg] 1#1: invalid URL prefix in /etc/nginx/conf.d/default.conf:15
2024/09/30 09:59:11 [emerg] 1#1: invalid URL prefix in /etc/nginx/conf.d/default.conf:15
2024/09/30 09:59:15 [emerg] 1#1: invalid URL prefix in /etc/nginx/conf.d/default.conf:15
2024/09/30 09:59:22 [emerg] 1#1: invalid URL prefix in /etc/nginx/conf.d/default.conf:15
2024/09/30 09:59:35 [emerg] 1#1: invalid URL prefix in /etc/nginx/conf.d/default.conf:15
2024/09/30 10:00:02 [emerg] 1#1: invalid URL prefix in /etc/nginx/conf.d/default.conf:15
2024/09/30 10:00:22 [emerg] 1#1: invalid URL prefix in /etc/nginx/conf.d/default.conf:15
2024/09/30 10:00:24 [emerg] 1#1: invalid URL prefix in /etc/nginx/conf.d/default.conf:15
2024/09/30 10:00:25 [emerg] 1#1: invalid URL prefix in /etc/nginx/conf.d/default.conf:15
2024/09/30 10:00:26 [emerg] 1#1: invalid URL prefix in /etc/nginx/conf.d/default.conf:15
2024/09/30 10:00:27 [emerg] 1#1: invalid URL prefix in /etc/nginx/conf.d/default.conf:15
2024/09/30 10:00:29 [emerg] 1#1: invalid URL prefix in /etc/nginx/conf.d/default.conf:15
2024/09/30 10:00:33 [emerg] 1#1: invalid URL prefix in /etc/nginx/conf.d/default.conf:15
2024/09/30 10:00:40 [emerg] 1#1: invalid URL prefix in /etc/nginx/conf.d/default.conf:15
2024/09/30 10:00:53 [emerg] 1#1: invalid URL prefix in /etc/nginx/conf.d/default.conf:15
2024/09/30 10:01:19 [emerg] 1#1: invalid URL prefix in /etc/nginx/conf.d/default.conf:15
2024/09/30 10:02:11 [emerg] 1#1: invalid URL prefix in /etc/nginx/conf.d/default.conf:15
2024/09/30 10:03:12 [emerg] 1#1: invalid URL prefix in /etc/nginx/conf.d/default.conf:15
2024/09/30 10:03:51 [emerg] 1#1: invalid URL prefix in /etc/nginx/conf.d/default.conf:15
2024/09/30 10:03:53 [emerg] 1#1: invalid URL prefix in /etc/nginx/conf.d/default.conf:15
2024/09/30 10:03:54 [emerg] 1#1: invalid URL prefix in /etc/nginx/conf.d/default.conf:15
2024/09/30 10:03:56 [emerg] 1#1: invalid URL prefix in /etc/nginx/conf.d/default.conf:15
2024/09/30 10:03:57 [emerg] 1#1: invalid URL prefix in /etc/nginx/conf.d/default.conf:15
2024/09/30 10:04:00 [emerg] 1#1: invalid URL prefix in /etc/nginx/conf.d/default.conf:15
2024/09/30 10:04:03 [emerg] 1#1: invalid URL prefix in /etc/nginx/conf.d/default.conf:15
2024/09/30 10:04:10 [emerg] 1#1: invalid URL prefix in /etc/nginx/conf.d/default.conf:15
2024/09/30 10:04:24 [emerg] 1#1: invalid URL prefix in /etc/nginx/conf.d/default.conf:15
2024/09/30 10:04:50 [emerg] 1#1: invalid URL prefix in /etc/nginx/conf.d/default.conf:15
2024/09/30 10:05:42 [emerg] 1#1: invalid URL prefix in /etc/nginx/conf.d/default.conf:15
2024/09/30 10:06:43 [emerg] 1#1: unknown directive "location=/auth" in /etc/nginx/conf.d/default.conf:17
2024/09/30 10:07:43 [emerg] 1#1: unknown directive "location=/auth" in /etc/nginx/conf.d/default.conf:17
2024/09/30 10:07:44 [emerg] 1#1: unknown directive "location=/auth" in /etc/nginx/conf.d/default.conf:17
2024/09/30 10:07:46 [emerg] 1#1: unknown directive "location=/auth" in /etc/nginx/conf.d/default.conf:17
2024/09/30 10:07:47 [emerg] 1#1: unknown directive "location=/auth" in /etc/nginx/conf.d/default.conf:17
2024/09/30 10:07:49 [emerg] 1#1: unknown directive "location=/auth" in /etc/nginx/conf.d/default.conf:17
2024/09/30 10:07:50 [emerg] 1#1: unknown directive "location=/auth" in /etc/nginx/conf.d/default.conf:17
2024/09/30 10:07:52 [emerg] 1#1: unknown directive "location=/auth" in /etc/nginx/conf.d/default.conf:17
2024/09/30 10:07:56 [emerg] 1#1: unknown directive "location=/auth" in /etc/nginx/conf.d/default.conf:17
2024/09/30 10:08:03 [emerg] 1#1: unknown directive "location=/auth" in /etc/nginx/conf.d/default.conf:17
2024/09/30 10:08:16 [emerg] 1#1: unknown directive "location=/auth" in /etc/nginx/conf.d/default.conf:17
2024/09/30 10:08:42 [emerg] 1#1: unknown directive "location=/auth" in /etc/nginx/conf.d/default.conf:17
2024/09/30 10:09:34 [emerg] 1#1: unknown directive "location=" in /etc/nginx/conf.d/default.conf:17
2024/09/30 10:09:36 [emerg] 1#1: unknown directive "location=" in /etc/nginx/conf.d/default.conf:17
2024/09/30 10:09:37 [emerg] 1#1: unknown directive "location=" in /etc/nginx/conf.d/default.conf:17
2024/09/30 10:09:39 [emerg] 1#1: unknown directive "location=" in /etc/nginx/conf.d/default.conf:17
2024/09/30 10:09:40 [emerg] 1#1: unknown directive "location=" in /etc/nginx/conf.d/default.conf:17
2024/09/30 10:09:42 [emerg] 1#1: unknown directive "location=" in /etc/nginx/conf.d/default.conf:17
2024/09/30 10:09:44 [emerg] 1#1: unknown directive "location=" in /etc/nginx/conf.d/default.conf:17
2024/09/30 10:09:48 [emerg] 1#1: unknown directive "location=" in /etc/nginx/conf.d/default.conf:17
2024/09/30 10:09:55 [emerg] 1#1: unknown directive "location=" in /etc/nginx/conf.d/default.conf:17
2024/09/30 10:10:09 [emerg] 1#1: unknown directive "location=" in /etc/nginx/conf.d/default.conf:17
2024/09/30 10:10:35 [emerg] 1#1: unknown directive "location=" in /etc/nginx/conf.d/default.conf:17
2024/09/30 10:11:26 [emerg] 1#1: unknown directive "location=" in /etc/nginx/conf.d/default.conf:17
2024/09/30 10:12:27 [emerg] 1#1: unknown directive "location=" in /etc/nginx/conf.d/default.conf:17
2024/09/30 10:13:27 [emerg] 1#1: unknown directive "location=" in /etc/nginx/conf.d/default.conf:17
2024/09/30 10:14:28 [emerg] 1#1: unknown directive "location=" in /etc/nginx/conf.d/default.conf:17
2024/09/30 10:15:29 [emerg] 1#1: unknown directive "location=" in /etc/nginx/conf.d/default.conf:17
2024/09/30 10:16:29 [emerg] 1#1: unknown directive "location=" in /etc/nginx/conf.d/default.conf:17
2024/09/30 10:17:30 [emerg] 1#1: unknown directive "location=" in /etc/nginx/conf.d/default.conf:17
2024/09/30 10:18:30 [emerg] 1#1: unknown directive "location=" in /etc/nginx/conf.d/default.conf:17
2024/09/30 10:19:19 [emerg] 1#1: unknown directive "location=" in /etc/nginx/conf.d/default.conf:17
2024/09/30 10:19:20 [emerg] 1#1: unknown directive "location=" in /etc/nginx/conf.d/default.conf:17
2024/09/30 10:19:21 [emerg] 1#1: unknown directive "location=" in /etc/nginx/conf.d/default.conf:17
2024/09/30 10:19:23 [emerg] 1#1: unknown directive "location=" in /etc/nginx/conf.d/default.conf:17
2024/09/30 10:19:24 [emerg] 1#1: unknown directive "location=" in /etc/nginx/conf.d/default.conf:17
2024/09/30 10:19:26 [emerg] 1#1: unknown directive "location=" in /etc/nginx/conf.d/default.conf:17
2024/09/30 10:19:30 [emerg] 1#1: unknown directive "location=" in /etc/nginx/conf.d/default.conf:17
2024/09/30 10:19:37 [emerg] 1#1: unknown directive "location=" in /etc/nginx/conf.d/default.conf:17
2024/09/30 10:19:50 [emerg] 1#1: unknown directive "location=" in /etc/nginx/conf.d/default.conf:17
2024/09/30 10:19:58 [emerg] 1#1: unknown directive "location=" in /etc/nginx/conf.d/default.conf:17
2024/09/30 10:20:00 [emerg] 1#1: unknown directive "location=" in /etc/nginx/conf.d/default.conf:17
2024/09/30 10:20:02 [emerg] 1#1: unknown directive "location=" in /etc/nginx/conf.d/default.conf:17
2024/09/30 10:20:03 [emerg] 1#1: unknown directive "location=" in /etc/nginx/conf.d/default.conf:17
2024/09/30 10:20:05 [emerg] 1#1: unknown directive "location=" in /etc/nginx/conf.d/default.conf:17
2024/09/30 10:20:07 [emerg] 1#1: unknown directive "location=" in /etc/nginx/conf.d/default.conf:17
2024/09/30 10:20:10 [emerg] 1#1: unknown directive "location=" in /etc/nginx/conf.d/default.conf:17
2024/09/30 10:20:17 [emerg] 1#1: unknown directive "location=" in /etc/nginx/conf.d/default.conf:17
2024/09/30 10:20:31 [emerg] 1#1: unknown directive "location=" in /etc/nginx/conf.d/default.conf:17
2024/09/30 10:20:57 [emerg] 1#1: unknown directive "location=" in /etc/nginx/conf.d/default.conf:17
2024/09/30 10:21:49 [emerg] 1#1: unknown directive "location=" in /etc/nginx/conf.d/default.conf:17
2024/09/30 10:22:49 [emerg] 1#1: unknown directive "location=" in /etc/nginx/conf.d/default.conf:17
2024/09/30 10:23:50 [emerg] 1#1: unknown directive "location=" in /etc/nginx/conf.d/default.conf:17
2024/09/30 10:24:50 [emerg] 1#1: unknown directive "location=" in /etc/nginx/conf.d/default.conf:17
2024/09/30 10:25:51 [emerg] 1#1: unknown directive "location=" in /etc/nginx/conf.d/default.conf:17
2024/09/30 10:26:51 [emerg] 1#1: unknown directive "location=" in /etc/nginx/conf.d/default.conf:17
2024/09/30 10:27:51 [emerg] 1#1: unknown directive "location=" in /etc/nginx/conf.d/default.conf:17
2024/09/30 10:28:52 [emerg] 1#1: unknown directive "if($requst_uri" in /etc/nginx/conf.d/default.conf:22
2024/09/30 10:29:52 [emerg] 1#1: unknown directive "if($requst_uri" in /etc/nginx/conf.d/default.conf:22
2024/09/30 10:30:20 [emerg] 1#1: unknown directive "if($requst_uri" in /etc/nginx/conf.d/default.conf:22
2024/09/30 10:30:22 [emerg] 1#1: unknown directive "if($requst_uri" in /etc/nginx/conf.d/default.conf:22
2024/09/30 10:30:23 [emerg] 1#1: unknown directive "if($requst_uri" in /etc/nginx/conf.d/default.conf:22
2024/09/30 10:30:25 [emerg] 1#1: unknown directive "if($requst_uri" in /etc/nginx/conf.d/default.conf:22
2024/09/30 10:30:26 [emerg] 1#1: unknown directive "if($requst_uri" in /etc/nginx/conf.d/default.conf:22
2024/09/30 10:30:29 [emerg] 1#1: unknown directive "if($requst_uri" in /etc/nginx/conf.d/default.conf:22
2024/09/30 10:30:32 [emerg] 1#1: unknown directive "if($requst_uri" in /etc/nginx/conf.d/default.conf:22
2024/09/30 10:30:39 [emerg] 1#1: unknown directive "if($requst_uri" in /etc/nginx/conf.d/default.conf:22
2024/09/30 10:30:53 [emerg] 1#1: unknown directive "if($requst_uri" in /etc/nginx/conf.d/default.conf:22
2024/09/30 10:31:19 [emerg] 1#1: unknown directive "if($requst_uri" in /etc/nginx/conf.d/default.conf:22
2024/09/30 10:32:11 [emerg] 1#1: unknown directive "if($requst_uri" in /etc/nginx/conf.d/default.conf:22
2024/09/30 10:33:11 [emerg] 1#1: unknown directive "if($requst_uri" in /etc/nginx/conf.d/default.conf:22
2024/09/30 10:34:12 [emerg] 1#1: unknown directive "if($requst_uri" in /etc/nginx/conf.d/default.conf:22
2024/09/30 10:34:40 [emerg] 1#1: unknown directive "if($requst_uri" in /etc/nginx/conf.d/default.conf:22
2024/09/30 10:34:42 [emerg] 1#1: unknown directive "if($requst_uri" in /etc/nginx/conf.d/default.conf:22
2024/09/30 10:34:43 [emerg] 1#1: unknown directive "if($requst_uri" in /etc/nginx/conf.d/default.conf:22
2024/09/30 10:34:44 [emerg] 1#1: unknown directive "if($requst_uri" in /etc/nginx/conf.d/default.conf:22
2024/09/30 10:34:46 [emerg] 1#1: unknown directive "if($requst_uri" in /etc/nginx/conf.d/default.conf:22
2024/09/30 10:34:48 [emerg] 1#1: unknown directive "if($requst_uri" in /etc/nginx/conf.d/default.conf:22
2024/09/30 10:34:52 [emerg] 1#1: unknown directive "if($requst_uri" in /etc/nginx/conf.d/default.conf:22
2024/09/30 10:34:59 [emerg] 1#1: unknown directive "if($requst_uri" in /etc/nginx/conf.d/default.conf:22
2024/09/30 10:35:01 [emerg] 1#1: unknown directive "if($requst_uri" in /etc/nginx/conf.d/default.conf:22
2024/09/30 10:35:03 [emerg] 1#1: unknown directive "if($requst_uri" in /etc/nginx/conf.d/default.conf:22
2024/09/30 10:35:04 [emerg] 1#1: unknown directive "if($requst_uri" in /etc/nginx/conf.d/default.conf:22
2024/09/30 10:35:05 [emerg] 1#1: unknown directive "if($requst_uri" in /etc/nginx/conf.d/default.conf:22
2024/09/30 10:35:07 [emerg] 1#1: unknown directive "if($requst_uri" in /etc/nginx/conf.d/default.conf:22
2024/09/30 10:35:09 [emerg] 1#1: unknown directive "if($requst_uri" in /etc/nginx/conf.d/default.conf:22
2024/09/30 10:35:13 [emerg] 1#1: unknown directive "if($requst_uri" in /etc/nginx/conf.d/default.conf:22
2024/09/30 10:35:19 [emerg] 1#1: unknown directive "if($requst_uri" in /etc/nginx/conf.d/default.conf:22
2024/09/30 10:35:29 [emerg] 1#1: unknown directive "if($requst_uri" in /etc/nginx/conf.d/default.conf:22
2024/09/30 10:35:31 [emerg] 1#1: unknown directive "if($requst_uri" in /etc/nginx/conf.d/default.conf:22
2024/09/30 10:35:32 [emerg] 1#1: unknown directive "if($requst_uri" in /etc/nginx/conf.d/default.conf:22
2024/09/30 10:35:33 [emerg] 1#1: unknown directive "if($requst_uri" in /etc/nginx/conf.d/default.conf:22
2024/09/30 10:35:35 [emerg] 1#1: unknown directive "if($requst_uri" in /etc/nginx/conf.d/default.conf:22
2024/09/30 10:35:37 [emerg] 1#1: unknown directive "if($requst_uri" in /etc/nginx/conf.d/default.conf:22
2024/09/30 10:35:40 [emerg] 1#1: unknown directive "if($requst_uri" in /etc/nginx/conf.d/default.conf:22
2024/09/30 10:35:47 [emerg] 1#1: unknown directive "if($requst_uri" in /etc/nginx/conf.d/default.conf:22
2024/09/30 10:36:01 [emerg] 1#1: unknown directive "if($requst_uri" in /etc/nginx/conf.d/default.conf:22
2024/09/30 10:36:16 [emerg] 1#1: unknown directive "if($requst_uri" in /etc/nginx/conf.d/default.conf:22
2024/09/30 10:36:18 [emerg] 1#1: unknown directive "if($requst_uri" in /etc/nginx/conf.d/default.conf:22
2024/09/30 10:36:19 [emerg] 1#1: unknown directive "if($requst_uri" in /etc/nginx/conf.d/default.conf:22
2024/09/30 10:36:20 [emerg] 1#1: unknown directive "if($requst_uri" in /etc/nginx/conf.d/default.conf:22
2024/09/30 10:36:22 [emerg] 1#1: unknown directive "if($requst_uri" in /etc/nginx/conf.d/default.conf:22
2024/09/30 10:36:24 [emerg] 1#1: unknown directive "if($requst_uri" in /etc/nginx/conf.d/default.conf:22
2024/09/30 10:36:28 [emerg] 1#1: unknown directive "if($requst_uri" in /etc/nginx/conf.d/default.conf:22
2024/09/30 10:36:35 [emerg] 1#1: unknown directive "if($requst_uri" in /etc/nginx/conf.d/default.conf:22
2024/09/30 10:36:48 [emerg] 1#1: unknown directive "if($requst_uri" in /etc/nginx/conf.d/default.conf:22
2024/09/30 10:37:03 [emerg] 1#1: unknown directive "if($requst_uri" in /etc/nginx/conf.d/default.conf:22
2024/09/30 10:37:05 [emerg] 1#1: unknown directive "if($requst_uri" in /etc/nginx/conf.d/default.conf:22
2024/09/30 10:37:06 [emerg] 1#1: unknown directive "if($requst_uri" in /etc/nginx/conf.d/default.conf:22
2024/09/30 10:37:07 [emerg] 1#1: unknown directive "if($requst_uri" in /etc/nginx/conf.d/default.conf:22
2024/09/30 10:37:09 [emerg] 1#1: unknown directive "if($requst_uri" in /etc/nginx/conf.d/default.conf:22
2024/09/30 10:37:11 [emerg] 1#1: unknown directive "if($requst_uri" in /etc/nginx/conf.d/default.conf:22
2024/09/30 10:37:15 [emerg] 1#1: unknown directive "if($requst_uri" in /etc/nginx/conf.d/default.conf:22
2024/09/30 10:37:22 [emerg] 1#1: unknown directive "if($requst_uri" in /etc/nginx/conf.d/default.conf:22
2024/09/30 10:37:47 [emerg] 1#1: unknown directive "if($request_uri" in /etc/nginx/conf.d/default.conf:22
2024/09/30 10:37:48 [emerg] 1#1: unknown directive "if($request_uri" in /etc/nginx/conf.d/default.conf:22
2024/09/30 10:37:50 [emerg] 1#1: unknown directive "if($request_uri" in /etc/nginx/conf.d/default.conf:22
2024/09/30 10:37:51 [emerg] 1#1: unknown directive "if($request_uri" in /etc/nginx/conf.d/default.conf:22
2024/09/30 10:37:53 [emerg] 1#1: unknown directive "if($request_uri" in /etc/nginx/conf.d/default.conf:22
2024/09/30 10:37:55 [emerg] 1#1: unknown directive "if($request_uri" in /etc/nginx/conf.d/default.conf:22
2024/09/30 10:37:59 [emerg] 1#1: unknown directive "if($request_uri" in /etc/nginx/conf.d/default.conf:22
2024/09/30 10:38:03 [emerg] 1#1: unknown directive "if($request_uri" in /etc/nginx/conf.d/default.conf:22
2024/09/30 10:38:04 [emerg] 1#1: unknown directive "if($request_uri" in /etc/nginx/conf.d/default.conf:22
2024/09/30 10:38:05 [emerg] 1#1: unknown directive "if($request_uri" in /etc/nginx/conf.d/default.conf:22
2024/09/30 10:38:06 [emerg] 1#1: unknown directive "if($request_uri" in /etc/nginx/conf.d/default.conf:22
2024/09/30 10:38:08 [emerg] 1#1: unknown directive "if($request_uri" in /etc/nginx/conf.d/default.conf:22
2024/09/30 10:38:10 [emerg] 1#1: unknown directive "if($request_uri" in /etc/nginx/conf.d/default.conf:22
2024/09/30 10:38:14 [emerg] 1#1: unknown directive "if($request_uri" in /etc/nginx/conf.d/default.conf:22
2024/09/30 10:38:21 [emerg] 1#1: unknown directive "if($request_uri" in /etc/nginx/conf.d/default.conf:22
2024/09/30 10:38:34 [emerg] 1#1: unknown directive "if($request_uri" in /etc/nginx/conf.d/default.conf:22
2024/09/30 10:39:00 [emerg] 1#1: unknown directive "if($request_uri" in /etc/nginx/conf.d/default.conf:22
2024/09/30 10:39:52 [emerg] 1#1: unknown directive "if($request_uri" in /etc/nginx/conf.d/default.conf:22
2024/09/30 10:40:53 [emerg] 1#1: unknown directive "if($request_uri" in /etc/nginx/conf.d/default.conf:22
2024/09/30 10:42:17 [notice] 1#1: using the "epoll" event method
2024/09/30 10:42:17 [notice] 1#1: nginx/1.27.1
2024/09/30 10:42:17 [notice] 1#1: built by gcc 12.2.0 (Debian 12.2.0-14) 
2024/09/30 10:42:17 [notice] 1#1: OS: Linux 5.15.153.1-microsoft-standard-WSL2
2024/09/30 10:42:17 [notice] 1#1: getrlimit(RLIMIT_NOFILE): 1048576:1048576
2024/09/30 10:42:17 [notice] 1#1: start worker processes
2024/09/30 10:42:17 [notice] 1#1: start worker process 28
2024/09/30 10:42:17 [notice] 1#1: start worker process 29
2024/09/30 10:42:17 [notice] 1#1: start worker process 30
2024/09/30 10:42:17 [notice] 1#1: start worker process 31
2024/09/30 10:42:17 [notice] 1#1: start worker process 32
2024/09/30 10:42:17 [notice] 1#1: start worker process 33
2024/09/30 10:42:17 [notice] 1#1: start worker process 34
2024/09/30 10:42:17 [notice] 1#1: start worker process 35
2024/09/30 10:42:40 [notice] 1#1: signal 3 (SIGQUIT) received, shutting down
2024/09/30 10:42:40 [notice] 29#29: gracefully shutting down
2024/09/30 10:42:40 [notice] 28#28: gracefully shutting down
2024/09/30 10:42:40 [notice] 30#30: gracefully shutting down
2024/09/30 10:42:40 [notice] 31#31: gracefully shutting down
2024/09/30 10:42:40 [notice] 32#32: gracefully shutting down
2024/09/30 10:42:40 [notice] 33#33: gracefully shutting down
2024/09/30 10:42:40 [notice] 34#34: gracefully shutting down
2024/09/30 10:42:40 [notice] 35#35: gracefully shutting down
2024/09/30 10:42:40 [notice] 29#29: exiting
2024/09/30 10:42:40 [notice] 28#28: exiting
2024/09/30 10:42:40 [notice] 30#30: exiting
2024/09/30 10:42:40 [notice] 31#31: exiting
2024/09/30 10:42:40 [notice] 28#28: exit
2024/09/30 10:42:40 [notice] 32#32: exiting
2024/09/30 10:42:40 [notice] 33#33: exiting
2024/09/30 10:42:40 [notice] 34#34: exiting
2024/09/30 10:42:40 [notice] 33#33: exit
2024/09/30 10:42:40 [notice] 35#35: exiting
2024/09/30 10:42:40 [notice] 29#29: exit
2024/09/30 10:42:40 [notice] 30#30: exit
2024/09/30 10:42:40 [notice] 31#31: exit
2024/09/30 10:42:40 [notice] 32#32: exit
2024/09/30 10:42:40 [notice] 34#34: exit
2024/09/30 10:42:40 [notice] 35#35: exit
2024/09/30 10:42:41 [notice] 1#1: signal 17 (SIGCHLD) received from 28
2024/09/30 10:42:41 [notice] 1#1: worker process 28 exited with code 0
2024/09/30 10:42:41 [notice] 1#1: worker process 29 exited with code 0
2024/09/30 10:42:41 [notice] 1#1: worker process 30 exited with code 0
2024/09/30 10:42:41 [notice] 1#1: worker process 32 exited with code 0
2024/09/30 10:42:41 [notice] 1#1: worker process 33 exited with code 0
2024/09/30 10:42:41 [notice] 1#1: worker process 34 exited with code 0
2024/09/30 10:42:41 [notice] 1#1: signal 29 (SIGIO) received
2024/09/30 10:42:41 [notice] 1#1: signal 17 (SIGCHLD) received from 34
2024/09/30 10:42:41 [notice] 1#1: signal 17 (SIGCHLD) received from 35
2024/09/30 10:42:41 [notice] 1#1: worker process 31 exited with code 0
2024/09/30 10:42:41 [notice] 1#1: worker process 35 exited with code 0
2024/09/30 10:42:41 [notice] 1#1: exit
2024/09/30 10:42:42 [notice] 1#1: using the "epoll" event method
2024/09/30 10:42:42 [notice] 1#1: nginx/1.27.1
2024/09/30 10:42:42 [notice] 1#1: built by gcc 12.2.0 (Debian 12.2.0-14) 
2024/09/30 10:42:42 [notice] 1#1: OS: Linux 5.15.153.1-microsoft-standard-WSL2
2024/09/30 10:42:42 [notice] 1#1: getrlimit(RLIMIT_NOFILE): 1048576:1048576
2024/09/30 10:42:42 [notice] 1#1: start worker processes
2024/09/30 10:42:42 [notice] 1#1: start worker process 28
2024/09/30 10:42:42 [notice] 1#1: start worker process 29
2024/09/30 10:42:42 [notice] 1#1: start worker process 30
2024/09/30 10:42:42 [notice] 1#1: start worker process 31
2024/09/30 10:42:42 [notice] 1#1: start worker process 32
2024/09/30 10:42:42 [notice] 1#1: start worker process 33
2024/09/30 10:42:42 [notice] 1#1: start worker process 34
2024/09/30 10:42:42 [notice] 1#1: start worker process 35
2024/09/30 10:43:40 [notice] 1#1: signal 3 (SIGQUIT) received, shutting down
2024/09/30 10:43:40 [notice] 28#28: gracefully shutting down
2024/09/30 10:43:40 [notice] 29#29: gracefully shutting down
2024/09/30 10:43:40 [notice] 30#30: gracefully shutting down
2024/09/30 10:43:40 [notice] 31#31: gracefully shutting down
2024/09/30 10:43:40 [notice] 31#31: exiting
2024/09/30 10:43:40 [notice] 32#32: gracefully shutting down
2024/09/30 10:43:40 [notice] 33#33: gracefully shutting down
2024/09/30 10:43:40 [notice] 34#34: gracefully shutting down
2024/09/30 10:43:40 [notice] 34#34: exiting
2024/09/30 10:43:40 [notice] 35#35: gracefully shutting down
2024/09/30 10:43:40 [notice] 34#34: exit
2024/09/30 10:43:40 [notice] 28#28: exiting
2024/09/30 10:43:40 [notice] 29#29: exiting
2024/09/30 10:43:40 [notice] 30#30: exiting
2024/09/30 10:43:40 [notice] 31#31: exit
2024/09/30 10:43:40 [notice] 32#32: exiting
2024/09/30 10:43:40 [notice] 33#33: exiting
2024/09/30 10:43:40 [notice] 35#35: exiting
2024/09/30 10:43:40 [notice] 33#33: exit
2024/09/30 10:43:40 [notice] 28#28: exit
2024/09/30 10:43:40 [notice] 29#29: exit
2024/09/30 10:43:40 [notice] 30#30: exit
2024/09/30 10:43:40 [notice] 32#32: exit
2024/09/30 10:43:40 [notice] 35#35: exit
2024/09/30 10:43:40 [notice] 1#1: signal 17 (SIGCHLD) received from 30
2024/09/30 10:43:40 [notice] 1#1: worker process 30 exited with code 0
2024/09/30 10:43:40 [notice] 1#1: signal 29 (SIGIO) received
2024/09/30 10:43:40 [notice] 1#1: signal 17 (SIGCHLD) received from 34
2024/09/30 10:43:40 [notice] 1#1: worker process 29 exited with code 0
2024/09/30 10:43:40 [notice] 1#1: worker process 34 exited with code 0
2024/09/30 10:43:40 [notice] 1#1: signal 29 (SIGIO) received
2024/09/30 10:43:40 [notice] 1#1: signal 17 (SIGCHLD) received from 35
2024/09/30 10:43:40 [notice] 1#1: worker process 32 exited with code 0
2024/09/30 10:43:40 [notice] 1#1: worker process 33 exited with code 0
2024/09/30 10:43:40 [notice] 1#1: worker process 35 exited with code 0
2024/09/30 10:43:40 [notice] 1#1: signal 29 (SIGIO) received
2024/09/30 10:43:40 [notice] 1#1: signal 17 (SIGCHLD) received from 28
2024/09/30 10:43:40 [notice] 1#1: worker process 28 exited with code 0
2024/09/30 10:43:40 [notice] 1#1: signal 29 (SIGIO) received
2024/09/30 10:43:40 [notice] 1#1: signal 17 (SIGCHLD) received from 31
2024/09/30 10:43:40 [notice] 1#1: worker process 31 exited with code 0
2024/09/30 10:43:40 [notice] 1#1: exit
2024/09/30 10:43:41 [emerg] 1#1: unknown directive "if($request_uri" in /etc/nginx/conf.d/default.conf:22
2024/09/30 10:43:42 [emerg] 1#1: unknown directive "if($request_uri" in /etc/nginx/conf.d/default.conf:22
2024/09/30 10:43:44 [emerg] 1#1: unknown directive "if($request_uri" in /etc/nginx/conf.d/default.conf:22
2024/09/30 10:43:45 [emerg] 1#1: unknown directive "if($request_uri" in /etc/nginx/conf.d/default.conf:22
2024/09/30 10:43:47 [emerg] 1#1: unknown directive "if($request_uri" in /etc/nginx/conf.d/default.conf:22
2024/09/30 10:43:49 [emerg] 1#1: unknown directive "if($request_uri" in /etc/nginx/conf.d/default.conf:22
2024/09/30 10:43:53 [emerg] 1#1: unknown directive "if($request_uri" in /etc/nginx/conf.d/default.conf:22
2024/09/30 10:44:00 [emerg] 1#1: unknown directive "if($request_uri" in /etc/nginx/conf.d/default.conf:22
2024/09/30 10:44:44 [emerg] 1#1: unknown directive "if($request_uri" in /etc/nginx/conf.d/default.conf:22
2024/09/30 10:44:45 [emerg] 1#1: unknown directive "if($request_uri" in /etc/nginx/conf.d/default.conf:22
2024/09/30 10:44:47 [emerg] 1#1: unknown directive "if($request_uri" in /etc/nginx/conf.d/default.conf:22
2024/09/30 10:44:48 [emerg] 1#1: unknown directive "if($request_uri" in /etc/nginx/conf.d/default.conf:22
2024/09/30 10:44:50 [emerg] 1#1: unknown directive "if($request_uri" in /etc/nginx/conf.d/default.conf:22
2024/09/30 10:44:52 [emerg] 1#1: unknown directive "if($request_uri" in /etc/nginx/conf.d/default.conf:22
2024/09/30 10:44:56 [emerg] 1#1: unknown directive "if($request_uri" in /etc/nginx/conf.d/default.conf:22
2024/09/30 10:45:02 [emerg] 1#1: unknown directive "if($request_uri" in /etc/nginx/conf.d/default.conf:22
2024/09/30 10:45:16 [emerg] 1#1: unknown directive "if($request_uri" in /etc/nginx/conf.d/default.conf:22
2024/09/30 10:45:42 [emerg] 1#1: unknown directive "if($request_uri" in /etc/nginx/conf.d/default.conf:22
2024/09/30 10:46:45 [emerg] 1#1: unknown directive "if($request_uri" in /etc/nginx/conf.d/default.conf:22
2024/09/30 10:46:47 [emerg] 1#1: unknown directive "if($request_uri" in /etc/nginx/conf.d/default.conf:22
2024/09/30 10:46:48 [emerg] 1#1: unknown directive "if($request_uri" in /etc/nginx/conf.d/default.conf:22
2024/09/30 10:46:49 [emerg] 1#1: unknown directive "if($request_uri" in /etc/nginx/conf.d/default.conf:22
2024/09/30 10:46:51 [emerg] 1#1: unknown directive "if($request_uri" in /etc/nginx/conf.d/default.conf:22
2024/09/30 10:46:53 [emerg] 1#1: unknown directive "if($request_uri" in /etc/nginx/conf.d/default.conf:22
2024/09/30 10:46:57 [emerg] 1#1: unknown directive "if($request_uri" in /etc/nginx/conf.d/default.conf:22
2024/09/30 10:47:04 [emerg] 1#1: unknown directive "if($request_uri" in /etc/nginx/conf.d/default.conf:22
2024/09/30 10:47:17 [emerg] 1#1: unknown directive "if($request_uri" in /etc/nginx/conf.d/default.conf:22
2024/09/30 10:47:43 [emerg] 1#1: unknown directive "if($request_uri" in /etc/nginx/conf.d/default.conf:22
2024/09/30 10:48:35 [emerg] 1#1: unknown directive "if($request_uri" in /etc/nginx/conf.d/default.conf:22
2024/09/30 10:49:35 [emerg] 1#1: unknown directive "if($request_uri" in /etc/nginx/conf.d/default.conf:22
2024/09/30 10:50:29 [emerg] 1#1: unknown directive "location=/40x.html" in /etc/nginx/conf.d/default.conf:34
2024/09/30 10:50:31 [emerg] 1#1: unknown directive "location=/40x.html" in /etc/nginx/conf.d/default.conf:34
2024/09/30 10:50:32 [emerg] 1#1: unknown directive "location=/40x.html" in /etc/nginx/conf.d/default.conf:34
2024/09/30 10:50:34 [emerg] 1#1: unknown directive "location=/40x.html" in /etc/nginx/conf.d/default.conf:34
2024/09/30 10:50:35 [emerg] 1#1: unknown directive "location=/40x.html" in /etc/nginx/conf.d/default.conf:34
2024/09/30 10:50:38 [emerg] 1#1: unknown directive "location=/40x.html" in /etc/nginx/conf.d/default.conf:34
2024/09/30 10:50:41 [emerg] 1#1: unknown directive "location=/40x.html" in /etc/nginx/conf.d/default.conf:34
2024/09/30 10:50:48 [emerg] 1#1: unknown directive "location=/40x.html" in /etc/nginx/conf.d/default.conf:34
2024/09/30 10:51:01 [emerg] 1#1: unknown directive "location=/40x.html" in /etc/nginx/conf.d/default.conf:34
2024/09/30 10:51:31 [notice] 1#1: using the "epoll" event method
2024/09/30 10:51:31 [notice] 1#1: nginx/1.27.1
2024/09/30 10:51:31 [notice] 1#1: built by gcc 12.2.0 (Debian 12.2.0-14) 
2024/09/30 10:51:31 [notice] 1#1: OS: Linux 5.15.153.1-microsoft-standard-WSL2
2024/09/30 10:51:31 [notice] 1#1: getrlimit(RLIMIT_NOFILE): 1048576:1048576
2024/09/30 10:51:31 [notice] 1#1: start worker processes
2024/09/30 10:51:31 [notice] 1#1: start worker process 28
2024/09/30 10:51:31 [notice] 1#1: start worker process 29
2024/09/30 10:51:31 [notice] 1#1: start worker process 30
2024/09/30 10:51:31 [notice] 1#1: start worker process 31
2024/09/30 10:51:31 [notice] 1#1: start worker process 32
2024/09/30 10:51:31 [notice] 1#1: start worker process 33
2024/09/30 10:51:31 [notice] 1#1: start worker process 34
2024/09/30 10:51:31 [notice] 1#1: start worker process 35
2024/09/30 10:54:26 [error] 28#28: *1 auth request unexpected status: 400 while sending to client, client: 172.17.0.1, server: 192.168.100.102, request: "GET /api/?token=123 HTTP/1.1", host: "localhost"
2024/09/30 10:54:26 [error] 28#28: *1 open() "/etc/nginx/html/50x.html" failed (2: No such file or directory), client: 172.17.0.1, server: 192.168.100.102, request: "GET /api/?token=123 HTTP/1.1", host: "localhost"
2024/09/30 10:55:23 [error] 31#31: *7 connect() failed (111: Connection refused) while connecting to upstream, client: 172.17.0.1, server: 192.168.100.102, request: "GET /api/?token=success HTTP/1.1", subrequest: "/auth", upstream: "http://192.168.100.102:8080/verify?token=success", host: "localhost"
2024/09/30 10:55:23 [error] 31#31: *7 open() "/etc/nginx/html/50x.html" failed (2: No such file or directory), client: 172.17.0.1, server: 192.168.100.102, request: "GET /api/?token=success HTTP/1.1", subrequest: "/50x.html", upstream: "http://192.168.100.102:8080/verify?token=success", host: "localhost"
2024/09/30 10:55:23 [error] 31#31: *7 auth request unexpected status: 404, client: 172.17.0.1, server: 192.168.100.102, request: "GET /api/?token=success HTTP/1.1", host: "localhost"
2024/09/30 10:55:23 [error] 31#31: *7 open() "/etc/nginx/html/50x.html" failed (2: No such file or directory), client: 172.17.0.1, server: 192.168.100.102, request: "GET /api/?token=success HTTP/1.1", host: "localhost"
